\BOOKMARK [0][-]{chapter.1}{\376\377\000W\000s\000t\001\031\000p\000\040\000d\000o\000\040\000s\000p\000r\000a\000w\000o\000z\000d\000a\000n\000i\000a\000\040\000o\000r\000a\000z\000\040\000l\000i\000n\000k\000i}{}% 1
\BOOKMARK [1][-]{section.1.1}{\376\377\000W\000s\000t\001\031\000p}{chapter.1}% 2
\BOOKMARK [1][-]{section.1.2}{\376\377\000W\000y\000k\000a\000z\000\040\000r\000e\000p\000o\000z\000y\000t\000o\000r\000i\000\363\000w\000\040\000\050\000L\000i\000n\000k\000i\000\051}{chapter.1}% 3
\BOOKMARK [2][-]{subsection.1.2.1}{\376\377\000G\001\102\000\363\000w\000n\000e\000\040\000r\000e\000p\000o\000z\000y\000t\000o\000r\000i\000u\000m\000\040\000s\000p\000r\000a\000w\000o\000z\000d\000a\000n\000i\000a\000\040\000\050\000D\000o\000k\000u\000m\000e\000n\000t\000a\000c\000j\000a\000\040\000S\000p\000h\000i\000n\000x\000\051}{section.1.2}% 4
\BOOKMARK [2][-]{subsection.1.2.2}{\376\377\000R\000e\000p\000o\000z\000y\000t\000o\000r\000i\000u\000m\000\040\000z\000\040\000p\000l\000i\000k\000a\000m\000i\000\040\000p\000r\000o\000j\000e\000k\000t\000o\000w\000y\000m\000i}{section.1.2}% 5
\BOOKMARK [2][-]{subsection.1.2.3}{\376\377\000R\000e\000p\000o\000z\000y\000t\000o\000r\000i\000a\000\040\000r\000e\000s\000z\000t\000y\000\040\000g\000r\000u\000p\000y\000\040\000\050\000S\000u\000b\000m\000o\000d\000u\001\102\000y\000\051}{section.1.2}% 6
\BOOKMARK [0][-]{chapter.2}{\376\377\000B\000a\000d\000a\000n\000i\000a\000\040\000l\000i\000t\000e\000r\000a\000t\000u\000r\000o\000w\000e}{}% 7
\BOOKMARK [1][-]{section.2.1}{\376\377\000S\000p\000r\000z\001\031\000t\000\040\000d\000l\000a\000\040\000b\000a\000z\000y\000\040\000d\000a\000n\000y\000c\000h}{chapter.2}% 8
\BOOKMARK [2][-]{subsection.2.1.1}{\376\377\000W\000s\000t\001\031\000p}{section.2.1}% 9
\BOOKMARK [2][-]{subsection.2.1.2}{\376\377\000P\000r\000o\000c\000e\000s\000o\000r\000\040\000\050\000C\000P\000U\000\051}{section.2.1}% 10
\BOOKMARK [3][-]{subsubsection*.3}{\376\377\000W\000y\000d\000a\000j\000n\000o\001\133\001\007\000\040\000J\000e\000d\000n\000o\000w\001\005\000t\000k\000o\000w\000a\000\040\000v\000s\000\040\000W\000i\000e\000l\000o\000r\000d\000z\000e\000n\000i\000o\000w\000o\001\133\001\007}{subsection.2.1.2}% 11
\BOOKMARK [3][-]{subsubsection*.4}{\376\377\000T\000o\000p\000o\000l\000o\000g\000i\000a\000\040\000N\000U\000M\000A\000\040\000\050\000N\000o\000n\000-\000U\000n\000i\000f\000o\000r\000m\000\040\000M\000e\000m\000o\000r\000y\000\040\000A\000c\000c\000e\000s\000s\000\051}{subsection.2.1.2}% 12
\BOOKMARK [3][-]{subsubsection*.5}{\376\377\000Z\000n\000a\000c\000z\000e\000n\000i\000e\000\040\000P\000a\000m\000i\001\031\000c\000i\000\040\000P\000o\000d\000r\001\031\000c\000z\000n\000e\000j\000\040\000\050\000C\000a\000c\000h\000e\000\040\000L\0003\000\051}{subsection.2.1.2}% 13
\BOOKMARK [2][-]{subsection.2.1.3}{\376\377\000P\000a\000m\000i\001\031\001\007\000\040\000R\000A\000M}{section.2.1}% 14
\BOOKMARK [3][-]{subsubsection*.6}{\376\377\000M\000e\000c\000h\000a\000n\000i\000z\000m\000\040\000B\000u\000f\000o\000r\000o\000w\000a\000n\000i\000a\000\040\000D\000a\000n\000y\000c\000h}{subsection.2.1.3}% 15
\BOOKMARK [3][-]{subsubsection*.7}{\376\377\000W\000y\000m\000\363\000g\000\040\000T\000e\000c\000h\000n\000o\000l\000o\000g\000i\000i\000\040\000E\000C\000C\000\040\000\050\000E\000r\000r\000o\000r\000-\000C\000o\000r\000r\000e\000c\000t\000i\000n\000g\000\040\000C\000o\000d\000e\000\051}{subsection.2.1.3}% 16
\BOOKMARK [3][-]{subsubsection*.8}{\376\377\000P\000a\000r\000a\000m\000e\000t\000r\000y\000\040\000W\000y\000d\000a\000j\000n\000o\001\133\000c\000i\000o\000w\000e\000:\000\040\000P\000r\000z\000e\000p\000u\000s\000t\000o\000w\000o\001\133\001\007\000\040\000i\000\040\000O\000p\000\363\001\172\000n\000i\000e\000n\000i\000a}{subsection.2.1.3}% 17
\BOOKMARK [2][-]{subsection.2.1.4}{\376\377\000P\000a\000m\000i\001\031\001\007\000\040\000M\000a\000s\000o\000w\000a}{section.2.1}% 18
\BOOKMARK [3][-]{subsubsection*.9}{\376\377\000K\000l\000a\000s\000y\000f\000i\000k\000a\000c\000j\000a\000\040\000N\000o\001\133\000n\000i\000k\000\363\000w\000\040\000i\000\040\000I\000c\000h\000\040\000P\000r\000z\000y\000d\000a\000t\000n\000o\001\133\001\007}{subsection.2.1.4}% 19
\BOOKMARK [3][-]{subsubsection*.10}{\376\377\000F\000i\000z\000y\000c\000z\000n\000a\000\040\000S\000e\000p\000a\000r\000a\000c\000j\000a\000\040\000A\000r\000c\000h\000i\000t\000e\000k\000t\000u\000r\000y\000\040\000P\000l\000i\000k\000\363\000w}{subsection.2.1.4}% 20
\BOOKMARK [3][-]{subsubsection*.11}{\376\377\001\173\000y\000w\000o\000t\000n\000o\001\133\001\007\000\040\000i\000\040\000W\000y\000t\000r\000z\000y\000m\000a\001\102\000o\001\133\001\007\000\040\000Z\000a\000p\000i\000s\000u\000\040\000\050\000D\000W\000P\000D\000\051}{subsection.2.1.4}% 21
\BOOKMARK [2][-]{subsection.2.1.5}{\376\377\000K\000o\000n\000t\000r\000o\000l\000e\000r\000y\000\040\000i\000\040\000I\000n\000t\000e\000r\000f\000e\000j\000s\000y\000\040\000P\000a\000m\000i\001\031\000c\000i}{section.2.1}% 22
\BOOKMARK [3][-]{subsubsection*.12}{\376\377\000S\000p\000r\000z\001\031\000t\000o\000w\000y\000\040\000R\000A\000I\000D\000\040\000v\000s\000\040\000S\000o\000f\000t\000w\000a\000r\000e\000-\000D\000e\000f\000i\000n\000e\000d\000\040\000S\000t\000o\000r\000a\000g\000e}{subsection.2.1.5}% 23
\BOOKMARK [3][-]{subsubsection*.13}{\376\377\000W\000y\000b\000\363\000r\000\040\000P\000o\000z\000i\000o\000m\000u\000\040\000R\000A\000I\000D\000\040\000p\000o\000d\000\040\000K\001\005\000t\000e\000m\000\040\000B\000a\000z\000\040\000D\000a\000n\000y\000c\000h}{subsection.2.1.5}% 24
\BOOKMARK [2][-]{subsection.2.1.6}{\376\377\000Z\000a\000s\000i\000l\000a\000n\000i\000e\000\040\000i\000\040\000N\000i\000e\000z\000a\000w\000o\000d\000n\000o\001\133\001\007}{section.2.1}% 25
\BOOKMARK [3][-]{subsubsection*.14}{\376\377\000N\000a\000d\000m\000i\000a\000r\000o\000w\000o\001\133\001\007\000\040\000Z\000a\000s\000i\000l\000a\000c\000z\000y\000\040\000i\000\040\000N\000i\000e\000z\000a\000l\000e\001\174\000n\000e\000\040\000L\000i\000n\000i\000e\000\040\000Z\000a\000s\000i\000l\000a\000j\001\005\000c\000e}{subsection.2.1.6}% 26
\BOOKMARK [3][-]{subsubsection*.15}{\376\377\000I\000n\000f\000r\000a\000s\000t\000r\000u\000k\000t\000u\000r\000a\000\040\000U\000P\000S\000\040\000i\000\040\000A\000g\000r\000e\000g\000a\000t\000y\000\040\000P\000r\001\005\000d\000o\000t\000w\000\363\000r\000c\000z\000e}{subsection.2.1.6}% 27
\BOOKMARK [3][-]{subsubsection*.16}{\376\377\000Z\000a\000p\000o\000b\000i\000e\000g\000a\000n\000i\000e\000\040\000Z\000j\000a\000w\000i\000s\000k\000u\000\040\040\034\000T\000o\000r\000n\000\040\000W\000r\000i\000t\000e\000s\040\035}{subsection.2.1.6}% 28
\BOOKMARK [2][-]{subsection.2.1.7}{\376\377\000P\000o\000d\000s\000u\000m\000o\000w\000a\000n\000i\000e}{section.2.1}% 29
\BOOKMARK [1][-]{section.2.2}{\376\377\000K\000o\000n\000f\000i\000g\000u\000r\000a\000c\000j\000a\000\040\000b\000a\000z\000y\000\040\000d\000a\000n\000y\000c\000h\000\040\000P\000o\000s\000t\000g\000r\000e\000S\000Q\000L}{chapter.2}% 30
\BOOKMARK [2][-]{subsection.2.2.1}{\376\377\000W\000s\000t\001\031\000p}{section.2.2}% 31
\BOOKMARK [2][-]{subsection.2.2.2}{\376\377\000P\000o\000d\000s\000t\000a\000w\000o\000w\000e\000\040\000p\000a\000r\000a\000m\000e\000t\000r\000y}{section.2.2}% 32
\BOOKMARK [2][-]{subsection.2.2.3}{\376\377\000L\000o\000k\000a\000l\000i\000z\000a\000c\000j\000a\000\040\000i\000\040\000s\000t\000r\000u\000k\000t\000u\000r\000a\000\040\000k\000a\000t\000a\000l\000o\000g\000\363\000w\000\040\000P\000o\000s\000t\000g\000r\000e\000S\000Q\000L}{section.2.2}% 33
\BOOKMARK [2][-]{subsection.2.2.4}{\376\377\001\132\000r\000o\000d\000o\000w\000i\000s\000k\000a\000\040\000i\000\040\000p\000r\000o\000f\000i\000l\000e}{section.2.2}% 34
\BOOKMARK [2][-]{subsection.2.2.5}{\376\377\000A\000u\000t\000o\000m\000a\000t\000y\000z\000a\000c\000j\000a}{section.2.2}% 35
\BOOKMARK [2][-]{subsection.2.2.6}{\376\377\000P\000r\000z\000y\000k\001\102\000a\000d\000y}{section.2.2}% 36
\BOOKMARK [2][-]{subsection.2.2.7}{\376\377\000N\000a\000j\000l\000e\000p\000s\000z\000e\000\040\000p\000r\000a\000k\000t\000y\000k\000i}{section.2.2}% 37
\BOOKMARK [2][-]{subsection.2.2.8}{\376\377\000P\000o\000d\000s\000u\000m\000o\000w\000a\000n\000i\000e}{section.2.2}% 38
\BOOKMARK [2][-]{subsection.2.2.9}{\376\377\000S\000z\000c\000z\000e\000g\000\363\001\102\000o\000w\000e\000\040\000o\000m\000\363\000w\000i\000e\000n\000i\000e\000\040\000p\000l\000i\000k\000\363\000w\000\040\000k\000o\000n\000f\000i\000g\000u\000r\000a\000c\000y\000j\000n\000y\000c\000h}{section.2.2}% 39
\BOOKMARK [2][-]{subsection.2.2.10}{\376\377\000p\000o\000s\000t\000g\000r\000e\000s\000q\000l\000.\000c\000o\000n\000f}{section.2.2}% 40
\BOOKMARK [3][-]{subsubsection*.17}{\376\377\000N\000a\000j\000w\000a\001\174\000n\000i\000e\000j\000s\000z\000e\000\040\000p\000a\000r\000a\000m\000e\000t\000r\000y}{subsection.2.2.10}% 41
\BOOKMARK [4][-]{paragraph*.18}{\376\377\000P\000o\001\102\001\005\000c\000z\000e\000n\000i\000a\000\040\000s\000i\000e\000c\000i\000o\000w\000e}{subsubsection*.17}% 42
\BOOKMARK [4][-]{paragraph*.19}{\376\377\000P\000a\000m\000i\001\031\001\007\000\040\000i\000\040\000w\000y\000d\000a\000j\000n\000o\001\133\001\007}{subsubsection*.17}% 43
\BOOKMARK [4][-]{paragraph*.20}{\376\377\000L\000o\000g\000o\000w\000a\000n\000i\000e}{subsubsection*.17}% 44
\BOOKMARK [4][-]{paragraph*.21}{\376\377\000B\000e\000z\000p\000i\000e\000c\000z\000e\001\104\000s\000t\000w\000o}{subsubsection*.17}% 45
\BOOKMARK [4][-]{paragraph*.22}{\376\377\000R\000e\000p\000l\000i\000k\000a\000c\000j\000a\000\040\000i\000\040\000W\000A\000L}{subsubsection*.17}% 46
\BOOKMARK [3][-]{subsubsection*.23}{\376\377\000P\000r\000z\000y\000k\001\102\000a\000d\000o\000w\000a\000\040\000k\000o\000n\000f\000i\000g\000u\000r\000a\000c\000j\000a}{subsection.2.2.10}% 47
\BOOKMARK [3][-]{subsubsection*.24}{\376\377\000W\000e\000r\000y\000f\000i\000k\000a\000c\000j\000a\000\040\000k\000o\000n\000f\000i\000g\000u\000r\000a\000c\000j\000i}{subsection.2.2.10}% 48
\BOOKMARK [2][-]{subsection.2.2.11}{\376\377\000p\000g\000\137\000h\000b\000a\000.\000c\000o\000n\000f}{section.2.2}% 49
\BOOKMARK [3][-]{subsubsection*.25}{\376\377\000S\000k\001\102\000a\000d\000n\000i\000a\000\040\000w\000p\000i\000s\000u}{subsection.2.2.11}% 50
\BOOKMARK [3][-]{subsubsection*.26}{\376\377\000N\000a\000j\000c\000z\001\031\001\133\000c\000i\000e\000j\000\040\000u\001\174\000y\000w\000a\000n\000e\000\040\000m\000e\000t\000o\000d\000y\000\040\000u\000w\000i\000e\000r\000z\000y\000t\000e\000l\000n\000i\000a\000n\000i\000a}{subsection.2.2.11}% 51
\BOOKMARK [3][-]{subsubsection*.27}{\376\377\000P\000r\000z\000y\000k\001\102\000a\000d\000o\000w\000a\000\040\000k\000o\000n\000f\000i\000g\000u\000r\000a\000c\000j\000a}{subsection.2.2.11}% 52
\BOOKMARK [3][-]{subsubsection*.28}{\376\377\000N\000a\000j\000l\000e\000p\000s\000z\000e\000\040\000p\000r\000a\000k\000t\000y\000k\000i}{subsection.2.2.11}% 53
\BOOKMARK [2][-]{subsection.2.2.12}{\376\377\000p\000g\000\137\000i\000d\000e\000n\000t\000.\000c\000o\000n\000f}{section.2.2}% 54
\BOOKMARK [3][-]{subsubsection*.29}{\376\377\000Z\000a\000s\000t\000o\000s\000o\000w\000a\000n\000i\000e}{subsection.2.2.12}% 55
\BOOKMARK [3][-]{subsubsection*.30}{\376\377\000S\000k\001\102\000a\000d\000n\000i\000a\000\040\000w\000p\000i\000s\000u}{subsection.2.2.12}% 56
\BOOKMARK [3][-]{subsubsection*.31}{\376\377\000P\000r\000z\000y\000k\001\102\000a\000d\000o\000w\000a\000\040\000k\000o\000n\000f\000i\000g\000u\000r\000a\000c\000j\000a}{subsection.2.2.12}% 57
\BOOKMARK [3][-]{subsubsection*.32}{\376\377\000N\000a\000j\000l\000e\000p\000s\000z\000e\000\040\000p\000r\000a\000k\000t\000y\000k\000i}{subsection.2.2.12}% 58
\BOOKMARK [1][-]{section.2.3}{\376\377\000K\000o\000n\000t\000r\000o\000l\000a\000\040\000i\000\040\000k\000o\000n\000s\000e\000r\000w\000a\000c\000j\000a}{chapter.2}% 59
\BOOKMARK [2][-]{subsection.2.3.1}{\376\377\000W\000p\000r\000o\000w\000a\000d\000z\000e\000n\000i\000e\000\040\000i\000\040\000p\000l\000a\000n\000o\000w\000a\000n\000i\000e\000\040\000k\000o\000n\000s\000e\000r\000w\000a\000c\000j\000i}{section.2.3}% 60
\BOOKMARK [2][-]{subsection.2.3.2}{\376\377\000Z\000a\000r\000z\001\005\000d\000z\000a\000n\000i\000e\000\040\000s\000t\000a\000n\000e\000m\000\040\000s\000e\000r\000w\000e\000r\000a\000\040\000i\000\040\000s\000e\000s\000j\000a\000m\000i}{section.2.3}% 61
\BOOKMARK [2][-]{subsection.2.3.3}{\376\377\000P\000r\000o\000c\000e\000s\000\040\000V\000a\000c\000u\000u\000m}{section.2.3}% 62
\BOOKMARK [2][-]{subsection.2.3.4}{\376\377\000Z\000a\000r\000z\001\005\000d\000z\000a\000n\000i\000e\000\040\000t\000r\000a\000n\000s\000a\000k\000c\000j\000a\000m\000i\000\040\000i\000\040\000s\000c\000h\000e\000m\000a\000t\000y\000\040\000\050\000S\000C\000H\000E\000M\000A\000\051}{section.2.3}% 63
\BOOKMARK [2][-]{subsection.2.3.5}{\376\377\000Z\000a\000r\000z\001\005\000d\000z\000a\000n\000i\000e\000\040\000i\000n\000d\000e\000k\000s\000a\000m\000i}{section.2.3}% 64
\BOOKMARK [2][-]{subsection.2.3.6}{\376\377\000P\000o\000d\000s\000u\000m\000o\000w\000a\000n\000i\000e}{section.2.3}% 65
\BOOKMARK [1][-]{section.2.4}{\376\377\000M\000o\000n\000i\000t\000o\000r\000o\000w\000a\000n\000i\000e\000\040\000i\000\040\000d\000i\000a\000g\000n\000o\000s\000t\000y\000k\000a}{chapter.2}% 66
\BOOKMARK [2][-]{subsection.2.4.1}{\376\377\000W\000s\000t\001\031\000p}{section.2.4}% 67
\BOOKMARK [2][-]{subsection.2.4.2}{\376\377\000S\000e\000s\000j\000e\000\040\000i\000\040\000u\001\174\000y\000t\000k\000o\000w\000n\000i\000c\000y}{section.2.4}% 68
\BOOKMARK [2][-]{subsection.2.4.3}{\376\377\001\132\000l\000e\000d\000z\000e\000n\000i\000e\000\040\000d\000o\000s\000t\001\031\000p\000u\000\040\000u\001\174\000y\000t\000k\000o\000w\000n\000i\000k\000\363\000w\000\040\000d\000o\000\040\000t\000a\000b\000e\000l}{section.2.4}% 69
\BOOKMARK [2][-]{subsection.2.4.4}{\376\377\000B\001\102\001\031\000d\000y\000\040\000d\000z\000i\000e\000n\000n\000i\000k\000a\000,\000\040\000l\000o\000g\000i\000\040\000i\000\040\000r\000a\000p\000o\000r\000t\000y}{section.2.4}% 70
\BOOKMARK [2][-]{subsection.2.4.5}{\376\377\000M\000o\000n\000i\000t\000o\000r\000o\000w\000a\000n\000i\000e\000\040\000n\000a\000\040\000p\000o\000z\000i\000o\000m\000i\000e\000\040\000s\000y\000s\000t\000e\000m\000u\000\040\000o\000p\000e\000r\000a\000c\000y\000j\000n\000e\000g\000o}{section.2.4}% 71
\BOOKMARK [2][-]{subsection.2.4.6}{\376\377\000M\000o\000n\000i\000t\000o\000r\000o\000w\000a\000n\000i\000e\000\040\000s\000e\000r\000w\000e\000r\000a}{section.2.4}% 72
\BOOKMARK [2][-]{subsection.2.4.7}{\376\377\000Z\000n\000a\000c\000z\000e\000n\000i\000e\000\040\000m\000o\000n\000i\000t\000o\000r\000o\000w\000a\000n\000i\000a\000\040\000i\000\040\000d\000i\000a\000g\000n\000o\000s\000t\000y\000k\000i\000\040\000w\000\040\000b\000a\000z\000a\000c\000h\000\040\000d\000a\000n\000y\000c\000h}{section.2.4}% 73
\BOOKMARK [2][-]{subsection.2.4.8}{\376\377\000P\000o\000d\000s\000u\000m\000o\000w\000a\000n\000i\000e}{section.2.4}% 74
\BOOKMARK [2][-]{subsection.2.4.9}{\376\377\001\171\000r\000\363\000d\001\102\000a}{section.2.4}% 75
\BOOKMARK [1][-]{section.2.5}{\376\377\000W\000y\000d\000a\000j\000n\000o\001\133\001\007\000,\000\040\000s\000k\000a\000l\000o\000w\000a\000n\000i\000e\000\040\000i\000\040\000r\000e\000p\000l\000i\000k\000a\000c\000j\000a}{chapter.2}% 76
\BOOKMARK [2][-]{subsection.2.5.1}{\376\377\000W\000y\000d\000a\000j\000n\000o\001\133\001\007\000,\000\040\000s\000k\000a\000l\000o\000w\000a\000n\000i\000e\000\040\000i\000\040\000r\000e\000p\000l\000i\000k\000a\000c\000j\000a}{section.2.5}% 77
\BOOKMARK [2][-]{subsection.2.5.2}{\376\377\000K\000o\000n\000t\000r\000o\000l\000a\000\040\000i\000\040\000b\000u\000f\000o\000r\000o\000w\000a\000n\000i\000e\000\040\000p\000o\001\102\001\005\000c\000z\000e\001\104\000\040\000z\000\040\000b\000a\000z\001\005\000\040\000d\000a\000n\000y\000c\000h}{section.2.5}% 78
\BOOKMARK [2][-]{subsection.2.5.3}{\376\377\000I\000N\000D\000E\000X\000\040\000i\000\040\000C\000L\000U\000S\000T\000E\000R}{section.2.5}% 79
\BOOKMARK [2][-]{subsection.2.5.4}{\376\377\000R\000o\000l\000a\000\040\000i\000\040\000z\000a\000s\000t\000o\000s\000o\000w\000a\000n\000i\000e\000\040\000r\000e\000p\000l\000i\000k\000a\000c\000j\000i}{section.2.5}% 80
\BOOKMARK [2][-]{subsection.2.5.5}{\376\377\000O\000p\000r\000o\000g\000r\000a\000m\000o\000w\000a\000n\000i\000e\000\040\000i\000\040\000z\000a\000i\000m\000p\000l\000e\000m\000e\000n\000t\000o\000w\000a\000n\000e\000\040\000m\000e\000c\000h\000a\000n\000i\000z\000m\000y\000\040\000r\000e\000p\000l\000i\000k\000a\000c\000j\000i}{section.2.5}% 81
\BOOKMARK [2][-]{subsection.2.5.6}{\376\377\000L\000i\000m\000i\000t\000y\000\040\000s\000y\000s\000t\000e\000m\000u\000\040\000o\000r\000a\000z\000\040\000o\000g\000r\000a\000n\000i\000c\000z\000a\000n\000i\000e\000\040\000d\000o\000s\000t\001\031\000p\000u\000\040\000u\001\174\000y\000t\000k\000o\000w\000n\000i\000k\000\363\000w}{section.2.5}% 82
\BOOKMARK [2][-]{subsection.2.5.7}{\376\377\000T\000e\000s\000t\000y\000\040\000w\000y\000d\000a\000j\000n\000o\001\133\000c\000i\000\040\000s\000p\000r\000z\001\031\000t\000u\000\040\000n\000a\000\040\000p\000o\000z\000i\000o\000m\000i\000e\000\040\000s\000y\000s\000t\000e\000m\000u\000\040\000o\000p\000e\000r\000a\000c\000y\000j\000n\000e\000g\000o}{section.2.5}% 83
\BOOKMARK [1][-]{section.2.6}{\376\377\000P\000a\000r\000t\000y\000c\000j\000o\000n\000o\000w\000a\000n\000i\000e\000\040\000d\000a\000n\000y\000c\000h}{chapter.2}% 84
\BOOKMARK [2][-]{subsection.2.6.1}{\376\377\000W\000s\000t\001\031\000p\000\040\000i\000\040\000i\000s\000t\000o\000t\000a\000\040\000p\000r\000o\000b\000l\000e\000m\000u}{section.2.6}% 85
\BOOKMARK [2][-]{subsection.2.6.2}{\376\377\000C\000e\000l\000e\000\040\000s\000t\000o\000s\000o\000w\000a\000n\000i\000a\000\040\000p\000a\000r\000t\000y\000c\000j\000o\000n\000o\000w\000a\000n\000i\000a\000\040\000d\000a\000n\000y\000c\000h}{section.2.6}% 86
\BOOKMARK [2][-]{subsection.2.6.3}{\376\377\000Z\000a\000s\000t\000o\000s\000o\000w\000a\000n\000i\000e\000\040\000p\000a\000r\000t\000y\000c\000j\000o\000n\000o\000w\000a\000n\000i\000a}{section.2.6}% 87
\BOOKMARK [2][-]{subsection.2.6.4}{\376\377\000Z\000a\000l\000e\000t\000y\000\040\000i\000\040\000w\000a\000d\000y\000\040\000p\000a\000r\000t\000y\000c\000j\000o\000n\000o\000w\000a\000n\000i\000a}{section.2.6}% 88
\BOOKMARK [2][-]{subsection.2.6.5}{\376\377\000I\000m\000p\000l\000e\000m\000e\000n\000t\000a\000c\000j\000a\000\040\000p\000a\000r\000t\000y\000c\000j\000o\000n\000o\000w\000a\000n\000i\000a\000\040\000w\000\040\000P\000o\000s\000t\000g\000r\000e\000S\000Q\000L}{section.2.6}% 89
\BOOKMARK [2][-]{subsection.2.6.6}{\376\377\000O\000g\000r\000a\000n\000i\000c\000z\000e\000n\000i\000a\000\040\000i\000\040\000o\000b\000e\000j\001\133\000c\000i\000e\000\040\000w\000\040\001\133\000r\000o\000d\000o\000w\000i\000s\000k\000u\000\040\000S\000Q\000L\000i\000t\000e}{section.2.6}% 90
\BOOKMARK [1][-]{section.2.7}{\376\377\000B\000e\000z\000p\000i\000e\000c\000z\000e\001\104\000s\000t\000w\000o\000\040\000B\000a\000z\000\040\000D\000a\000n\000y\000c\000h}{chapter.2}% 91
\BOOKMARK [2][-]{subsection.2.7.1}{\376\377\000M\000o\000d\000e\000l\000\040\000b\000e\000z\000p\000i\000e\000c\000z\000e\001\104\000s\000t\000w\000a\000\040\000C\000I\000A\000\040\000i\000\040\000o\000c\000h\000r\000o\000n\000a\000\040\000i\000n\000f\000r\000a\000s\000t\000r\000u\000k\000t\000u\000r\000y}{section.2.7}% 92
\BOOKMARK [3][-]{subsubsection*.40}{\376\377\000T\000r\000i\000a\000d\000a\000\040\000C\000I\000A\000\040\000w\000\040\001\133\000r\000o\000d\000o\000w\000i\000s\000k\000u\000\040\000b\000a\000z\000o\000d\000a\000n\000o\000w\000y\000m}{subsection.2.7.1}% 93
\BOOKMARK [3][-]{subsubsection*.41}{\376\377\000I\000z\000o\000l\000a\000c\000j\000a\000\040\000s\000i\000e\000c\000i\000o\000w\000a\000\040\000i\000\040\000a\000r\000c\000h\000i\000t\000e\000k\000t\000u\000r\000a\000\040\000c\000h\000m\000u\000r\000o\000w\000a\000\040\000\050\000V\000P\000C\000\051}{subsection.2.7.1}% 94
\BOOKMARK [3][-]{subsubsection*.42}{\376\377\000K\000o\000n\000t\000e\000n\000e\000r\000y\000z\000a\000c\000j\000a\000\040\000a\000\040\000b\000e\000z\000p\000i\000e\000c\000z\000e\001\104\000s\000t\000w\000o\000\040\000b\000a\000z\000y}{subsection.2.7.1}% 95
\BOOKMARK [2][-]{subsection.2.7.2}{\376\377\000A\000t\000a\000k\000i\000\040\000n\000a\000\040\000b\000a\000z\000y\000\040\000d\000a\000n\000y\000c\000h\000\040\000i\000\040\000l\000u\000k\000i\000\040\000w\000\040\000z\000a\000b\000e\000z\000p\000i\000e\000c\000z\000e\000n\000i\000a\000c\000h}{section.2.7}% 96
\BOOKMARK [3][-]{subsubsection*.43}{\376\377\000W\000s\000t\000r\000z\000y\000k\000i\000w\000a\000n\000i\000e\000\040\000k\000o\000d\000u\000\040\000S\000Q\000L\000\040\000\050\000S\000Q\000L\000\040\000I\000n\000j\000e\000c\000t\000i\000o\000n\000\051}{subsection.2.7.2}% 97
\BOOKMARK [3][-]{subsubsection*.44}{\376\377\000A\000t\000a\000k\000i\000\040\000N\000o\000S\000Q\000L\000\040\000I\000n\000j\000e\000c\000t\000i\000o\000n}{subsection.2.7.2}% 98
\BOOKMARK [3][-]{subsubsection*.45}{\376\377\000P\000r\000z\000e\000p\000e\001\102\000n\000i\000e\000n\000i\000e\000\040\000b\000u\000f\000o\000r\000a\000\040\000\050\000B\000u\000f\000f\000e\000r\000\040\000O\000v\000e\000r\000f\000l\000o\000w\000\051\000\040\000w\000\040\000D\000B\000M\000S}{subsection.2.7.2}% 99
\BOOKMARK [3][-]{subsubsection*.46}{\376\377\000O\000d\000m\000o\000w\000a\000\040\000U\000s\001\102\000u\000g\000i\000\040\000\050\000D\000o\000S\000\051\000\040\000n\000a\000\040\000p\000o\000z\000i\000o\000m\000i\000e\000\040\000b\000a\000z\000y\000\040\000d\000a\000n\000y\000c\000h}{subsection.2.7.2}% 100
\BOOKMARK [3][-]{subsubsection*.47}{\376\377\000A\000u\000t\000o\000m\000a\000t\000y\000z\000a\000c\000j\000a\000\040\000a\000t\000a\000k\000\363\000w\000:\000\040\000N\000a\000r\000z\001\031\000d\000z\000i\000a\000\040\000a\000u\000d\000y\000t\000o\000w\000e}{subsection.2.7.2}% 101
\BOOKMARK [2][-]{subsection.2.7.3}{\376\377\000Z\000a\000r\000z\001\005\000d\000z\000a\000n\000i\000e\000\040\000t\000o\001\174\000s\000a\000m\000o\001\133\000c\000i\001\005\000,\000\040\000u\000w\000i\000e\000r\000z\000y\000t\000e\000l\000n\000i\000a\000n\000i\000e\000\040\000i\000\040\000a\000u\000t\000o\000r\000y\000z\000a\000c\000j\000a}{section.2.7}% 102
\BOOKMARK [3][-]{subsubsection*.48}{\376\377\000U\000w\000i\000e\000r\000z\000y\000t\000e\000l\000n\000i\000a\000n\000i\000e\000\040\000w\000\040\000b\000a\000z\000a\000c\000h\000\040\000d\000a\000n\000y\000c\000h}{subsection.2.7.3}% 103
\BOOKMARK [3][-]{subsubsection*.49}{\376\377\000A\000u\000t\000o\000r\000y\000z\000a\000c\000j\000a\000\040\000i\000\040\000m\000o\000d\000e\000l\000e\000\040\000k\000o\000n\000t\000r\000o\000l\000i\000\040\000d\000o\000s\000t\001\031\000p\000u}{subsection.2.7.3}% 104
\BOOKMARK [3][-]{subsubsection*.50}{\376\377\000B\000e\000z\000p\000i\000e\000c\000z\000e\001\104\000s\000t\000w\000o\000\040\000n\000a\000\040\000p\000o\000z\000i\000o\000m\000i\000e\000\040\000w\000i\000e\000r\000s\000z\000y\000\040\000\050\000R\000o\000w\000-\000L\000e\000v\000e\000l\000\040\000S\000e\000c\000u\000r\000i\000t\000y\000\051}{subsection.2.7.3}% 105
\BOOKMARK [3][-]{subsubsection*.51}{\376\377\000Z\000a\000r\000z\001\005\000d\000z\000a\000n\000i\000e\000\040\000p\000o\001\133\000w\000i\000a\000d\000c\000z\000e\000n\000i\000a\000m\000i\000\040\000a\000p\000l\000i\000k\000a\000c\000j\000i\000\040\000\050\000S\000e\000c\000r\000e\000t\000s\000\040\000M\000a\000n\000a\000g\000e\000m\000e\000n\000t\000\051}{subsection.2.7.3}% 106
\BOOKMARK [2][-]{subsection.2.7.4}{\376\377\000K\000r\000y\000p\000t\000o\000g\000r\000a\000f\000i\000a\000\040\000w\000\040\000b\000a\000z\000a\000c\000h\000\040\000d\000a\000n\000y\000c\000h}{section.2.7}% 107
\BOOKMARK [3][-]{subsubsection*.52}{\376\377\000S\000z\000y\000f\000r\000o\000w\000a\000n\000i\000e\000\040\000d\000a\000n\000y\000c\000h\000\040\000w\000\040\000s\000p\000o\000c\000z\000y\000n\000k\000u\000\040\000\050\000D\000a\000t\000a\000\040\000a\000t\000\040\000R\000e\000s\000t\000\051}{subsection.2.7.4}% 108
\BOOKMARK [3][-]{subsubsection*.53}{\376\377\000S\000z\000y\000f\000r\000o\000w\000a\000n\000i\000e\000\040\000d\000a\000n\000y\000c\000h\000\040\000w\000\040\000t\000r\000a\000n\000z\000y\000c\000i\000e\000\040\000\050\000D\000a\000t\000a\000\040\000i\000n\000\040\000T\000r\000a\000n\000s\000i\000t\000\051}{subsection.2.7.4}% 109
\BOOKMARK [3][-]{subsubsection*.54}{\376\377\000S\000z\000y\000f\000r\000o\000w\000a\000n\000i\000e\000\040\000n\000a\000\040\000p\000o\000z\000i\000o\000m\000i\000e\000\040\000k\000l\000i\000e\000n\000t\000a\000\040\000\050\000C\000l\000i\000e\000n\000t\000-\000S\000i\000d\000e\000\040\000E\000n\000c\000r\000y\000p\000t\000i\000o\000n\000\051}{subsection.2.7.4}% 110
\BOOKMARK [3][-]{subsubsection*.55}{\376\377\000D\000y\000n\000a\000m\000i\000c\000z\000n\000e\000\040\000m\000a\000s\000k\000o\000w\000a\000n\000i\000e\000\040\000d\000a\000n\000y\000c\000h\000\040\000i\000\040\000f\000u\000n\000k\000c\000j\000e\000\040\000s\000k\000r\000\363\000t\000u}{subsection.2.7.4}% 111
\BOOKMARK [2][-]{subsection.2.7.5}{\376\377\000A\000u\000d\000y\000t\000,\000\040\000l\000o\000g\000o\000w\000a\000n\000i\000e\000\040\000i\000\040\000w\000y\000k\000r\000y\000w\000a\000n\000i\000e\000\040\000a\000n\000o\000m\000a\000l\000i\000i}{section.2.7}% 112
\BOOKMARK [3][-]{subsubsection*.56}{\376\377\000Z\000n\000a\000c\000z\000e\000n\000i\000e\000\040\000a\000u\000d\000y\000t\000u\000\040\000i\000\040\000r\000o\000d\000z\000a\000j\000e\000\040\000l\000o\000g\000\363\000w\000\040\000b\000a\000z\000o\000d\000a\000n\000o\000w\000y\000c\000h}{subsection.2.7.5}% 113
\BOOKMARK [3][-]{subsubsection*.57}{\376\377\000C\000e\000n\000t\000r\000a\000l\000i\000z\000a\000c\000j\000a\000\040\000l\000o\000g\000\363\000w\000\040\000i\000\040\000s\000y\000s\000t\000e\000m\000y\000\040\000S\000I\000E\000M}{subsection.2.7.5}% 114
\BOOKMARK [3][-]{subsubsection*.58}{\376\377\000D\000a\000t\000a\000b\000a\000s\000e\000\040\000A\000c\000t\000i\000v\000i\000t\000y\000\040\000M\000o\000n\000i\000t\000o\000r\000i\000n\000g\000\040\000\050\000D\000A\000M\000\051\000\040\000i\000\040\000w\000y\000k\000r\000y\000w\000a\000n\000i\000e\000\040\000a\000n\000o\000m\000a\000l\000i\000i}{subsection.2.7.5}% 115
\BOOKMARK [2][-]{subsection.2.7.6}{\376\377\000B\000e\000z\000p\000i\000e\000c\000z\000e\001\104\000s\000t\000w\000o\000\040\000k\000o\000p\000i\000i\000\040\000z\000a\000p\000a\000s\000o\000w\000y\000c\000h\000\040\000i\000\040\000D\000i\000s\000a\000s\000t\000e\000r\000\040\000R\000e\000c\000o\000v\000e\000r\000y}{section.2.7}% 116
\BOOKMARK [3][-]{subsubsection*.59}{\376\377\000Z\000a\000s\000a\000d\000a\000\040\0003\000-\0002\000-\0001\000\040\000i\000\040\000n\000i\000e\000z\000m\000i\000e\000n\000n\000o\001\133\001\007\000\040\000k\000o\000p\000i\000i\000\040\000\050\000I\000m\000m\000u\000t\000a\000b\000l\000e\000\040\000B\000a\000c\000k\000u\000p\000s\000\051}{subsection.2.7.6}% 117
\BOOKMARK [3][-]{subsubsection*.60}{\376\377\000S\000z\000y\000f\000r\000o\000w\000a\000n\000i\000e\000\040\000a\000r\000c\000h\000i\000w\000\363\000w\000\040\000i\000\040\000z\000a\000r\000z\001\005\000d\000z\000a\000n\000i\000e\000\040\000k\000l\000u\000c\000z\000a\000m\000i}{subsection.2.7.6}% 118
\BOOKMARK [3][-]{subsubsection*.61}{\376\377\000D\000i\000s\000a\000s\000t\000e\000r\000\040\000R\000e\000c\000o\000v\000e\000r\000y\000\040\000\050\000D\000R\000\051\000\040\000i\000\040\000w\000s\000k\000a\001\172\000n\000i\000k\000i\000\040\000R\000T\000O\000/\000R\000P\000O}{subsection.2.7.6}% 119
\BOOKMARK [1][-]{section.2.8}{\376\377\000K\000o\000p\000i\000e\000\040\000z\000a\000p\000a\000s\000o\000w\000e\000\040\000i\000\040\000o\000d\000z\000y\000s\000k\000i\000w\000a\000n\000i\000e\000\040\000d\000a\000n\000y\000c\000h}{chapter.2}% 120
\BOOKMARK [2][-]{subsection.2.8.1}{\376\377\000W\000s\000t\001\031\000p}{section.2.8}% 121
\BOOKMARK [2][-]{subsection.2.8.2}{\376\377\000T\000w\000o\000r\000z\000e\000n\000i\000e\000\040\000k\000o\000p\000i\000i\000\040\000z\000a\000p\000a\000s\000o\000w\000e\000j\000\040\000c\000a\001\102\000e\000g\000o\000\040\000s\000y\000s\000t\000e\000m\000u\000\040\000P\000o\000s\000t\000g\000r\000e\000S\000Q\000L\000\040\000-\000\040\000m\000e\000c\000h\000a\000n\000i\000z\000m\000y\000\040\000w\000b\000u\000d\000o\000w\000a\000n\000e}{section.2.8}% 122
\BOOKMARK [2][-]{subsection.2.8.3}{\376\377\000T\000w\000o\000r\000z\000e\000n\000i\000e\000\040\000k\000o\000p\000i\000i\000\040\000z\000a\000p\000a\000s\000o\000w\000y\000c\000h\000\040\000p\000o\000s\000z\000c\000z\000e\000g\000\363\000l\000n\000y\000c\000h\000\040\000b\000a\000z\000\040\000d\000a\000n\000y\000c\000h\000\040\000-\000\040\000m\000e\000c\000h\000a\000n\000i\000z\000m\000y\000\040\000w\000b\000u\000d\000o\000w\000a\000n\000e}{section.2.8}% 123
\BOOKMARK [2][-]{subsection.2.8.4}{\376\377\000O\000d\000z\000y\000s\000k\000i\000w\000a\000n\000i\000e\000\040\000u\000s\000u\000n\000i\001\031\000t\000y\000c\000h\000\040\000l\000u\000b\000\040\000u\000s\000z\000k\000o\000d\000z\000o\000n\000y\000c\000h\000\040\000d\000a\000n\000y\000c\000h}{section.2.8}% 124
\BOOKMARK [3][-]{subsubsection*.62}{\376\377\000O\000d\000t\000w\000a\000r\000z\000a\000n\000i\000e\000\040\000t\000a\000b\000e\000l\000\040\000i\000\040\000i\000n\000n\000y\000c\000h\000\040\000o\000b\000i\000e\000k\000t\000\363\000w\000\040\000l\000o\000g\000i\000c\000z\000n\000y\000c\000h}{subsection.2.8.4}% 125
\BOOKMARK [3][-]{subsubsection*.63}{\376\377\000O\000d\000t\000w\000a\000r\000z\000a\000n\000i\000e\000\040\000u\000s\000u\000n\000i\001\031\000t\000e\000j\000\040\000b\000a\000z\000y\000\040\000d\000a\000n\000y\000c\000h}{subsection.2.8.4}% 126
\BOOKMARK [3][-]{subsubsection*.64}{\376\377\000O\000d\000t\000w\000a\000r\000z\000a\000n\000i\000e\000\040\000p\000r\000z\000e\000s\000t\000r\000z\000e\000n\000i\000\040\000t\000a\000b\000e\000l\000\040\000i\000\040\000p\000e\001\102\000n\000e\000g\000o\000\040\000k\000l\000a\000s\000t\000r\000a}{subsection.2.8.4}% 127
\BOOKMARK [3][-]{subsubsection*.65}{\376\377\000P\000I\000T\000R\000\040\000i\000\040\000o\000d\000z\000y\000s\000k\000i\000w\000a\000n\000i\000e\000\040\000s\000t\000a\000n\000u\000\040\000s\000p\000r\000z\000e\000d\000\040\000b\001\102\001\031\000d\000u}{subsection.2.8.4}% 128
\BOOKMARK [2][-]{subsection.2.8.5}{\376\377\000D\000e\000d\000y\000k\000o\000w\000a\000n\000e\000\040\000o\000p\000r\000o\000g\000r\000a\000m\000o\000w\000a\000n\000i\000e\000\040\000i\000\040\000s\000k\000r\000y\000p\000t\000y\000\040\000z\000e\000w\000n\001\031\000t\000r\000z\000n\000e\000\040\000d\000o\000\040\000a\000u\000t\000o\000m\000a\000t\000y\000z\000a\000c\000j\000i}{section.2.8}% 129
\BOOKMARK [2][-]{subsection.2.8.6}{\376\377\000P\000o\000d\000s\000u\000m\000o\000w\000a\000n\000i\000e}{section.2.8}% 130
\BOOKMARK [0][-]{chapter.3}{\376\377\000D\000o\000k\000u\000m\000e\000n\000t\000a\000c\000j\000a\000\040\000m\000o\000d\000e\000l\000u\000\040\000b\000a\000z\000y\000\040\000d\000a\000n\000y\000c\000h\000\040\000w\000y\000p\000o\001\174\000y\000c\000z\000a\000l\000n\000i\000\040\000s\000a\000m\000o\000c\000h\000o\000d\000\363\000w}{}% 131
\BOOKMARK [1][-]{section.3.1}{\376\377\000W\000y\000b\000\363\000r\000\040\000z\000a\000g\000a\000d\000n\000i\000e\000n\000i\000a\000\040\000i\000\040\000o\000p\000i\000s\000\040\000p\000r\000o\000c\000e\000s\000\363\000w}{chapter.3}% 132
\BOOKMARK [2][-]{subsection.3.1.1}{\376\377\000Z\000a\000g\000a\000d\000n\000i\000e\000n\000i\000e\000\040\000i\000\040\000j\000e\000g\000o\000\040\000o\000p\000i\000s}{section.3.1}% 133
\BOOKMARK [2][-]{subsection.3.1.2}{\376\377\000O\000p\000i\000s\000\040\000p\000r\000o\000c\000e\000s\000\363\000w}{section.3.1}% 134
\BOOKMARK [2][-]{subsection.3.1.3}{\376\377\000W\000y\000k\000a\000z\000\040\000g\000r\000o\000m\000a\000d\000z\000o\000n\000y\000c\000h\000\040\000d\000a\000n\000y\000c\000h}{section.3.1}% 135
\BOOKMARK [1][-]{section.3.2}{\376\377\000P\000r\000o\000t\000o\000t\000y\000p\000o\000w\000y\000\040\000J\000S\000O\000N\000/\000C\000S\000V}{chapter.3}% 136
\BOOKMARK [2][-]{subsection.3.2.1}{\376\377\000P\000r\000o\000t\000o\000t\000y\000p\000\040\000C\000S\000V}{section.3.2}% 137
\BOOKMARK [2][-]{subsection.3.2.2}{\376\377\000P\000r\000o\000t\000o\000t\000y\000p\000\040\000J\000S\000O\000N}{section.3.2}% 138
\BOOKMARK [1][-]{section.3.3}{\376\377\000M\000o\000d\000e\000l\000\040\000k\000o\000n\000c\000e\000p\000c\000y\000j\000n\000y\000\040\000b\000a\000z\000y\000\040\000d\000a\000n\000y\000c\000h}{chapter.3}% 139
\BOOKMARK [2][-]{subsection.3.3.1}{\376\377\000Z\000i\000d\000e\000n\000t\000y\000f\000i\000k\000o\000w\000a\000n\000e\000\040\000e\000n\000c\000j\000e}{section.3.3}% 140
\BOOKMARK [2][-]{subsection.3.3.2}{\376\377\000Z\000d\000e\000f\000i\000n\000i\000o\000w\000a\000n\000e\000\040\000a\000t\000r\000y\000b\000u\000t\000y}{section.3.3}% 141
\BOOKMARK [2][-]{subsection.3.3.3}{\376\377\000O\000p\000i\000s\000\040\000z\000w\000i\001\005\000z\000k\000\363\000w}{section.3.3}% 142
\BOOKMARK [2][-]{subsection.3.3.4}{\376\377\000I\000d\000e\000n\000t\000y\000f\000i\000k\000a\000c\000j\000a\000\040\000e\000n\000c\000j\000i\000\040\000s\001\102\000a\000b\000y\000c\000h}{section.3.3}% 143
\BOOKMARK [2][-]{subsection.3.3.5}{\376\377\000M\000o\000d\000e\000l\000\040\000w\000\040\000n\000o\000t\000a\000c\000j\000i\000\040\000C\000h\000e\000n\000a}{section.3.3}% 144
\BOOKMARK [1][-]{section.3.4}{\376\377\000M\000o\000d\000e\000l\000\040\000l\000o\000g\000i\000c\000z\000n\000y\000\040\000i\000\040\000p\000r\000o\000c\000e\000s\000\040\000n\000o\000r\000m\000a\000l\000i\000z\000a\000c\000j\000i}{chapter.3}% 145
\BOOKMARK [2][-]{subsection.3.4.1}{\376\377\000P\000r\000o\000c\000e\000s\000\040\000n\000o\000r\000m\000a\000l\000i\000z\000a\000c\000j\000i}{section.3.4}% 146
\BOOKMARK [2][-]{subsection.3.4.2}{\376\377\000O\000s\000t\000a\000t\000e\000c\000z\000n\000a\000\040\000s\000t\000r\000u\000k\000t\000u\000r\000a\000\040\000t\000a\000b\000e\000l\000\040\000\050\0003\000N\000F\000\051}{section.3.4}% 147
\BOOKMARK [2][-]{subsection.3.4.3}{\376\377\000S\000c\000h\000e\000m\000a\000t\000\040\000E\000R\000D}{section.3.4}% 148
\BOOKMARK [1][-]{section.3.5}{\376\377\000M\000o\000d\000e\000l\000\040\000f\000i\000z\000y\000c\000z\000n\000y\000\040\000b\000a\000z\000y\000\040\000d\000a\000n\000y\000c\000h}{chapter.3}% 149
\BOOKMARK [2][-]{subsection.3.5.1}{\376\377\000M\000o\000d\000e\000l\000\040\000f\000i\000z\000y\000c\000z\000n\000y\000\040\000d\000l\000a\000\040\001\133\000r\000o\000d\000o\000w\000i\000s\000k\000a\000\040\000S\000Q\000L\000i\000t\000e}{section.3.5}% 150
\BOOKMARK [2][-]{subsection.3.5.2}{\376\377\000M\000o\000d\000e\000l\000\040\000f\000i\000z\000y\000c\000z\000n\000y\000\040\000d\000l\000a\000\040\001\133\000r\000o\000d\000o\000w\000i\000s\000k\000a\000\040\000P\000o\000s\000t\000g\000r\000e\000S\000Q\000L}{section.3.5}% 151
\BOOKMARK [0][-]{chapter.4}{\376\377\000I\000m\000p\000l\000e\000m\000e\000n\000t\000a\000c\000j\000a\000\040\000b\000a\000z\000y\000\040\000d\000a\000n\000y\000c\000h\000\040\000i\000\040\000i\000m\000p\000o\000r\000t\000\040\000d\000a\000n\000y\000c\000h}{}% 152
\BOOKMARK [1][-]{section.4.1}{\376\377\000W\000p\000r\000o\000w\000a\000d\000z\000e\000n\000i\000e}{chapter.4}% 153
\BOOKMARK [1][-]{section.4.2}{\376\377\000D\000e\000f\000i\000n\000i\000c\000j\000a\000\040\000i\000\040\000i\000n\000i\000c\000j\000a\000l\000i\000z\000a\000c\000j\000a\000\040\000s\000t\000r\000u\000k\000t\000u\000r\000\040\000d\000a\000n\000y\000c\000h}{chapter.4}% 154
\BOOKMARK [1][-]{section.4.3}{\376\377\000Z\000a\000s\000i\000l\000e\000n\000i\000e\000\040\000b\000a\000z\000y\000\040\000d\000a\000n\000y\000m\000i\000\040\000d\000e\000m\000o\000n\000s\000t\000r\000a\000c\000y\000j\000n\000y\000m\000i}{chapter.4}% 155
\BOOKMARK [1][-]{section.4.4}{\376\377\000K\000o\000n\000c\000e\000p\000c\000j\000a\000\040\000m\000e\000c\000h\000a\000n\000i\000z\000m\000\363\000w\000\040\000m\000a\000s\000o\000w\000e\000g\000o\000\040\000i\000m\000p\000o\000r\000t\000u\000\040\000\050\000E\000T\000L\000\051}{chapter.4}% 156
\BOOKMARK [2][-]{subsection.4.4.1}{\376\377\000M\000e\000c\000h\000a\000n\000i\000z\000m\000\040\000C\000O\000P\000Y\000\040\000w\000\040\000P\000o\000s\000t\000g\000r\000e\000S\000Q\000L}{section.4.4}% 157
\BOOKMARK [2][-]{subsection.4.4.2}{\376\377\000M\000e\000c\000h\000a\000n\000i\000z\000m\000\040\000B\000a\000t\000c\000h\000\040\000I\000n\000s\000e\000r\000t\000\040\000w\000\040\000S\000Q\000L\000i\000t\000e}{section.4.4}% 158
\BOOKMARK [0][-]{chapter.5}{\376\377\000Z\000a\000p\000y\000t\000a\000n\000i\000a\000\040\000d\000o\000\040\000b\000a\000z\000y\000\040\000d\000a\000n\000y\000c\000h\000\040\000\050\000S\000Q\000L\000i\000t\000e\000\040\000P\000o\000s\000t\000g\000r\000e\000S\000Q\000L\000\051}{}% 159
\BOOKMARK [1][-]{section.5.1}{\376\377\000W\000p\000r\000o\000w\000a\000d\000z\000e\000n\000i\000e}{chapter.5}% 160
\BOOKMARK [1][-]{section.5.2}{\376\377\000C\000z\001\031\001\133\001\007\000\040\0001\000:\000\040\000Z\000a\000p\000y\000t\000a\000n\000i\000a\000\040\000w\000\040\000d\000i\000a\000l\000e\000k\000c\000i\000e\000\040\000S\000Q\000L\000i\000t\000e}{chapter.5}% 161
\BOOKMARK [2][-]{subsection.5.2.1}{\376\377\000A\000r\000y\000t\000m\000e\000t\000y\000k\000a\000\040\000d\000a\000t\000\040\000w\000\040\000S\000Q\000L\000i\000t\000e\000\040\000\050\000j\000u\000l\000i\000a\000n\000d\000a\000y\000\051}{section.5.2}% 162
\BOOKMARK [2][-]{subsection.5.2.2}{\376\377\000A\000g\000r\000e\000g\000a\000c\000j\000a\000\040\000i\000\040\000z\001\102\001\005\000c\000z\000e\000n\000i\000a\000\040\000w\000e\000w\000n\001\031\000t\000r\000z\000n\000e\000\040\000\050\000I\000N\000N\000E\000R\000\040\000J\000O\000I\000N\000\051}{section.5.2}% 163
\BOOKMARK [2][-]{subsection.5.2.3}{\376\377\000P\000o\001\102\001\005\000c\000z\000e\000n\000i\000a\000\040\000a\000s\000y\000m\000e\000t\000r\000y\000c\000z\000n\000e\000\040\000\050\000L\000E\000F\000T\000\040\000J\000O\000I\000N\000\051}{section.5.2}% 164
\BOOKMARK [2][-]{subsection.5.2.4}{\376\377\000O\000p\000e\000r\000a\000t\000o\000r\000y\000\040\000z\000b\000i\000o\000r\000o\000w\000e\000\040\000\050\000E\000X\000C\000E\000P\000T\000\051}{section.5.2}% 165
\BOOKMARK [2][-]{subsection.5.2.5}{\376\377\000A\000g\000r\000e\000g\000a\000c\000j\000a\000\040\000t\000e\000k\000s\000t\000o\000w\000a\000\040\000\050\000G\000R\000O\000U\000P\000\137\000C\000O\000N\000C\000A\000T\000\051}{section.5.2}% 166
\BOOKMARK [1][-]{section.5.3}{\376\377\000C\000z\001\031\001\133\001\007\000\040\0002\000:\000\040\000Z\000a\000a\000w\000a\000n\000s\000o\000w\000a\000n\000e\000\040\000z\000a\000p\000y\000t\000a\000n\000i\000a\000\040\000P\000o\000s\000t\000g\000r\000e\000S\000Q\000L}{chapter.5}% 167
\BOOKMARK [2][-]{subsection.5.3.1}{\376\377\000Z\000a\000a\000w\000a\000n\000s\000o\000w\000a\000n\000a\000\040\000a\000g\000r\000e\000g\000a\000c\000j\000a\000\040\000t\000e\000k\000s\000t\000o\000w\000a\000\040\000\050\000S\000T\000R\000I\000N\000G\000\137\000A\000G\000G\000\051}{section.5.3}% 168
\BOOKMARK [2][-]{subsection.5.3.2}{\376\377\000S\000e\000l\000e\000k\000t\000y\000w\000n\000a\000\040\000a\000g\000r\000e\000g\000a\000c\000j\000a\000\040\000\050\000K\000l\000a\000u\000z\000u\000l\000a\000\040\000F\000I\000L\000T\000E\000R\000\051}{section.5.3}% 169
\BOOKMARK [2][-]{subsection.5.3.3}{\376\377\000F\000u\000n\000k\000c\000j\000e\000\040\000o\000k\000n\000a\000\040\000\050\000W\000i\000n\000d\000o\000w\000\040\000F\000u\000n\000c\000t\000i\000o\000n\000s\000\051}{section.5.3}% 170
\BOOKMARK [2][-]{subsection.5.3.4}{\376\377\000N\000a\000t\000y\000w\000n\000a\000\040\000a\000r\000y\000t\000m\000e\000t\000y\000k\000a\000\040\000i\000n\000t\000e\000r\000w\000a\001\102\000\363\000w\000\040\000d\000a\000t\000\040\000\050\000I\000N\000T\000E\000R\000V\000A\000L\000\051}{section.5.3}% 171
\BOOKMARK [2][-]{subsection.5.3.5}{\376\377\000W\000y\000r\000a\001\174\000e\000n\000i\000a\000\040\000t\000a\000b\000l\000i\000c\000o\000w\000e\000\040\000\050\000C\000T\000E\000\040\000-\000\040\000W\000I\000T\000H\000\051}{section.5.3}% 172
\BOOKMARK [1][-]{section.5.4}{\376\377\000I\000m\000p\000l\000e\000m\000e\000n\000t\000a\000c\000j\000a\000\040\000s\000k\000r\000y\000p\000t\000o\000w\000a}{chapter.5}% 173
