\BOOKMARK [0][-]{chapter.1}{\376\377\000W\000s\000t\001\031\000p\000\040\000d\000o\000\040\000s\000p\000r\000a\000w\000o\000z\000d\000a\000n\000i\000a\000\040\000o\000r\000a\000z\000\040\000l\000i\000n\000k\000i}{}% 1
\BOOKMARK [1][-]{section.1.1}{\376\377\000W\000s\000t\001\031\000p\000\040\000d\000o\000\040\000s\000p\000r\000a\000w\000o\000z\000d\000a\000n\000i\000a}{chapter.1}% 2
\BOOKMARK [1][-]{section.1.2}{\376\377\000W\000y\000k\000a\000z\000\040\000r\000e\000p\000o\000z\000y\000t\000o\000r\000i\000\363\000w\000\040\000\050\000L\000i\000n\000k\000i\000\051}{chapter.1}% 3
\BOOKMARK [2][-]{subsection.1.2.1}{\376\377\0001\000.\000\040\000G\001\102\000\363\000w\000n\000e\000\040\000r\000e\000p\000o\000z\000y\000t\000o\000r\000i\000u\000m\000\040\000s\000p\000r\000a\000w\000o\000z\000d\000a\000n\000i\000a\000\040\000\050\000D\000o\000k\000u\000m\000e\000n\000t\000a\000c\000j\000a\000\040\000S\000p\000h\000i\000n\000x\000\051}{section.1.2}% 4
\BOOKMARK [2][-]{subsection.1.2.2}{\376\377\0002\000.\000\040\000R\000e\000p\000o\000z\000y\000t\000o\000r\000i\000u\000m\000\040\000z\000\040\000p\000l\000i\000k\000a\000m\000i\000\040\000p\000r\000o\000j\000e\000k\000t\000o\000w\000y\000m\000i}{section.1.2}% 5
\BOOKMARK [2][-]{subsection.1.2.3}{\376\377\0003\000.\000\040\000R\000e\000p\000o\000z\000y\000t\000o\000r\000i\000a\000\040\000r\000e\000s\000z\000t\000y\000\040\000g\000r\000u\000p\000y}{section.1.2}% 6
\BOOKMARK [0][-]{chapter.2}{\376\377\000B\000a\000d\000a\000n\000i\000a\000\040\000l\000i\000t\000e\000r\000a\000t\000u\000r\000o\000w\000e}{}% 7
\BOOKMARK [1][-]{section.2.1}{\376\377\000S\000p\000r\000z\001\031\000t\000\040\000d\000l\000a\000\040\000b\000a\000z\000y\000\040\000d\000a\000n\000y\000c\000h}{chapter.2}% 8
\BOOKMARK [1][-]{section.2.2}{\376\377\000K\000o\000n\000f\000i\000g\000u\000r\000a\000c\000j\000a\000\040\000b\000a\000z\000y\000\040\000d\000a\000n\000y\000c\000h\000\040\000P\000o\000s\000t\000g\000r\000e\000S\000Q\000L}{chapter.2}% 9
\BOOKMARK [2][-]{subsection.2.2.1}{\376\377\000W\000s\000t\001\031\000p}{section.2.2}% 10
\BOOKMARK [2][-]{subsection.2.2.2}{\376\377\000P\000o\000d\000s\000t\000a\000w\000o\000w\000e\000\040\000p\000a\000r\000a\000m\000e\000t\000r\000y}{section.2.2}% 11
\BOOKMARK [2][-]{subsection.2.2.3}{\376\377\000L\000o\000k\000a\000l\000i\000z\000a\000c\000j\000a\000\040\000i\000\040\000s\000t\000r\000u\000k\000t\000u\000r\000a\000\040\000k\000a\000t\000a\000l\000o\000g\000\363\000w\000\040\000P\000o\000s\000t\000g\000r\000e\000S\000Q\000L}{section.2.2}% 12
\BOOKMARK [2][-]{subsection.2.2.4}{\376\377\001\132\000r\000o\000d\000o\000w\000i\000s\000k\000a\000\040\000i\000\040\000p\000r\000o\000f\000i\000l\000e}{section.2.2}% 13
\BOOKMARK [2][-]{subsection.2.2.5}{\376\377\000A\000u\000t\000o\000m\000a\000t\000y\000z\000a\000c\000j\000a}{section.2.2}% 14
\BOOKMARK [2][-]{subsection.2.2.6}{\376\377\000P\000r\000z\000y\000k\001\102\000a\000d\000y}{section.2.2}% 15
\BOOKMARK [2][-]{subsection.2.2.7}{\376\377\000N\000a\000j\000l\000e\000p\000s\000z\000e\000\040\000p\000r\000a\000k\000t\000y\000k\000i}{section.2.2}% 16
\BOOKMARK [2][-]{subsection.2.2.8}{\376\377\000P\000o\000d\000s\000u\000m\000o\000w\000a\000n\000i\000e}{section.2.2}% 17
\BOOKMARK [2][-]{subsection.2.2.9}{\376\377\000S\000z\000c\000z\000e\000g\000\363\001\102\000o\000w\000e\000\040\000o\000m\000\363\000w\000i\000e\000n\000i\000e\000\040\000p\000l\000i\000k\000\363\000w\000\040\000k\000o\000n\000f\000i\000g\000u\000r\000a\000c\000y\000j\000n\000y\000c\000h}{section.2.2}% 18
\BOOKMARK [2][-]{subsection.2.2.10}{\376\377\000p\000o\000s\000t\000g\000r\000e\000s\000q\000l\000.\000c\000o\000n\000f}{section.2.2}% 19
\BOOKMARK [3][-]{subsubsection*.3}{\376\377\000N\000a\000j\000w\000a\001\174\000n\000i\000e\000j\000s\000z\000e\000\040\000p\000a\000r\000a\000m\000e\000t\000r\000y}{subsection.2.2.10}% 20
\BOOKMARK [4][-]{paragraph*.4}{\376\377\000P\000o\001\102\001\005\000c\000z\000e\000n\000i\000a\000\040\000s\000i\000e\000c\000i\000o\000w\000e}{subsubsection*.3}% 21
\BOOKMARK [4][-]{paragraph*.5}{\376\377\000P\000a\000m\000i\001\031\001\007\000\040\000i\000\040\000w\000y\000d\000a\000j\000n\000o\001\133\001\007}{subsubsection*.3}% 22
\BOOKMARK [4][-]{paragraph*.6}{\376\377\000L\000o\000g\000o\000w\000a\000n\000i\000e}{subsubsection*.3}% 23
\BOOKMARK [4][-]{paragraph*.7}{\376\377\000B\000e\000z\000p\000i\000e\000c\000z\000e\001\104\000s\000t\000w\000o}{subsubsection*.3}% 24
\BOOKMARK [4][-]{paragraph*.8}{\376\377\000R\000e\000p\000l\000i\000k\000a\000c\000j\000a\000\040\000i\000\040\000W\000A\000L}{subsubsection*.3}% 25
\BOOKMARK [3][-]{subsubsection*.9}{\376\377\000P\000r\000z\000y\000k\001\102\000a\000d\000o\000w\000a\000\040\000k\000o\000n\000f\000i\000g\000u\000r\000a\000c\000j\000a}{subsection.2.2.10}% 26
\BOOKMARK [3][-]{subsubsection*.10}{\376\377\000W\000e\000r\000y\000f\000i\000k\000a\000c\000j\000a\000\040\000k\000o\000n\000f\000i\000g\000u\000r\000a\000c\000j\000i}{subsection.2.2.10}% 27
\BOOKMARK [2][-]{subsection.2.2.11}{\376\377\000p\000g\000\137\000h\000b\000a\000.\000c\000o\000n\000f}{section.2.2}% 28
\BOOKMARK [3][-]{subsubsection*.11}{\376\377\000S\000k\001\102\000a\000d\000n\000i\000a\000\040\000w\000p\000i\000s\000u}{subsection.2.2.11}% 29
\BOOKMARK [3][-]{subsubsection*.12}{\376\377\000N\000a\000j\000c\000z\001\031\001\133\000c\000i\000e\000j\000\040\000u\001\174\000y\000w\000a\000n\000e\000\040\000m\000e\000t\000o\000d\000y\000\040\000u\000w\000i\000e\000r\000z\000y\000t\000e\000l\000n\000i\000a\000n\000i\000a}{subsection.2.2.11}% 30
\BOOKMARK [3][-]{subsubsection*.13}{\376\377\000P\000r\000z\000y\000k\001\102\000a\000d\000o\000w\000a\000\040\000k\000o\000n\000f\000i\000g\000u\000r\000a\000c\000j\000a}{subsection.2.2.11}% 31
\BOOKMARK [3][-]{subsubsection*.14}{\376\377\000N\000a\000j\000l\000e\000p\000s\000z\000e\000\040\000p\000r\000a\000k\000t\000y\000k\000i}{subsection.2.2.11}% 32
\BOOKMARK [2][-]{subsection.2.2.12}{\376\377\000p\000g\000\137\000i\000d\000e\000n\000t\000.\000c\000o\000n\000f}{section.2.2}% 33
\BOOKMARK [3][-]{subsubsection*.15}{\376\377\000Z\000a\000s\000t\000o\000s\000o\000w\000a\000n\000i\000e}{subsection.2.2.12}% 34
\BOOKMARK [3][-]{subsubsection*.16}{\376\377\000S\000k\001\102\000a\000d\000n\000i\000a\000\040\000w\000p\000i\000s\000u}{subsection.2.2.12}% 35
\BOOKMARK [3][-]{subsubsection*.17}{\376\377\000P\000r\000z\000y\000k\001\102\000a\000d\000o\000w\000a\000\040\000k\000o\000n\000f\000i\000g\000u\000r\000a\000c\000j\000a}{subsection.2.2.12}% 36
\BOOKMARK [3][-]{subsubsection*.18}{\376\377\000N\000a\000j\000l\000e\000p\000s\000z\000e\000\040\000p\000r\000a\000k\000t\000y\000k\000i}{subsection.2.2.12}% 37
\BOOKMARK [1][-]{section.2.3}{\376\377\000K\000o\000n\000t\000r\000o\000l\000a\000\040\000i\000\040\000k\000o\000n\000s\000e\000r\000w\000a\000c\000j\000a}{chapter.2}% 38
\BOOKMARK [2][-]{subsection.2.3.1}{\376\377\000W\000p\000r\000o\000w\000a\000d\000z\000e\000n\000i\000e}{section.2.3}% 39
\BOOKMARK [2][-]{subsection.2.3.2}{\376\377\000Z\000a\000r\000z\001\005\000d\000z\000a\000n\000i\000e\000\040\000p\000r\000z\000e\000s\000t\000r\000z\000e\000n\000i\001\005\000\040\000i\000\040\000m\000e\000c\000h\000a\000n\000i\000z\000m\000\040\000w\000s\000p\000\363\001\102\000b\000i\000e\001\174\000n\000o\001\133\000c\000i}{section.2.3}% 40
\BOOKMARK [2][-]{subsection.2.3.3}{\376\377\000O\000p\000t\000y\000m\000a\000l\000i\000z\000a\000c\000j\000a\000\040\000i\000\040\000s\000t\000a\000t\000y\000s\000t\000y\000k\000i\000\040\000p\000l\000a\000n\000i\000s\000t\000y\000\040\000z\000a\000p\000y\000t\000a\001\104}{section.2.3}% 41
\BOOKMARK [2][-]{subsection.2.3.4}{\376\377\000B\000e\000z\000p\000i\000e\000c\000z\000e\001\104\000s\000t\000w\000o\000\040\000i\000\040\000r\000y\000g\000o\000r\000y\000s\000t\000y\000c\000z\000n\000a\000\040\000k\000o\000n\000t\000r\000o\000l\000a\000\040\000d\000o\000s\000t\001\031\000p\000u}{section.2.3}% 42
\BOOKMARK [2][-]{subsection.2.3.5}{\376\377\000S\000t\000r\000a\000t\000e\000g\000i\000e\000\040\000z\000a\000b\000e\000z\000p\000i\000e\000c\000z\000a\000n\000i\000a\000\040\000p\000r\000z\000e\000d\000\040\000u\000t\000r\000a\000t\001\005\000\040\000d\000a\000n\000y\000c\000h}{section.2.3}% 43
\BOOKMARK [2][-]{subsection.2.3.6}{\376\377\000P\000o\000d\000s\000u\000m\000o\000w\000a\000n\000i\000e}{section.2.3}% 44
\BOOKMARK [1][-]{section.2.4}{\376\377\000M\000o\000n\000i\000t\000o\000r\000o\000w\000a\000n\000i\000e\000\040\000i\000\040\000d\000i\000a\000g\000n\000o\000s\000t\000y\000k\000a}{chapter.2}% 45
\BOOKMARK [2][-]{subsection.2.4.1}{\376\377\000W\000s\000t\001\031\000p}{section.2.4}% 46
\BOOKMARK [2][-]{subsection.2.4.2}{\376\377\000S\000e\000s\000j\000e\000\040\000i\000\040\000u\001\174\000y\000t\000k\000o\000w\000n\000i\000c\000y}{section.2.4}% 47
\BOOKMARK [2][-]{subsection.2.4.3}{\376\377\001\132\000l\000e\000d\000z\000e\000n\000i\000e\000\040\000d\000o\000s\000t\001\031\000p\000u\000\040\000u\001\174\000y\000t\000k\000o\000w\000n\000i\000k\000\363\000w\000\040\000d\000o\000\040\000t\000a\000b\000e\000l}{section.2.4}% 48
\BOOKMARK [2][-]{subsection.2.4.4}{\376\377\000B\001\102\001\031\000d\000y\000\040\000d\000z\000i\000e\000n\000n\000i\000k\000a\000,\000\040\000l\000o\000g\000i\000\040\000i\000\040\000r\000a\000p\000o\000r\000t\000y}{section.2.4}% 49
\BOOKMARK [2][-]{subsection.2.4.5}{\376\377\000M\000o\000n\000i\000t\000o\000r\000o\000w\000a\000n\000i\000e\000\040\000n\000a\000\040\000p\000o\000z\000i\000o\000m\000i\000e\000\040\000s\000y\000s\000t\000e\000m\000u\000\040\000o\000p\000e\000r\000a\000c\000y\000j\000n\000e\000g\000o}{section.2.4}% 50
\BOOKMARK [2][-]{subsection.2.4.6}{\376\377\000M\000o\000n\000i\000t\000o\000r\000o\000w\000a\000n\000i\000e\000\040\000s\000e\000r\000w\000e\000r\000a}{section.2.4}% 51
\BOOKMARK [2][-]{subsection.2.4.7}{\376\377\000Z\000n\000a\000c\000z\000e\000n\000i\000e\000\040\000m\000o\000n\000i\000t\000o\000r\000o\000w\000a\000n\000i\000a\000\040\000i\000\040\000d\000i\000a\000g\000n\000o\000s\000t\000y\000k\000i\000\040\000w\000\040\000b\000a\000z\000a\000c\000h\000\040\000d\000a\000n\000y\000c\000h}{section.2.4}% 52
\BOOKMARK [2][-]{subsection.2.4.8}{\376\377\000P\000o\000d\000s\000u\000m\000o\000w\000a\000n\000i\000e}{section.2.4}% 53
\BOOKMARK [2][-]{subsection.2.4.9}{\376\377\001\171\000r\000\363\000d\001\102\000a}{section.2.4}% 54
\BOOKMARK [1][-]{section.2.5}{\376\377\000W\000y\000d\000a\000j\000n\000o\001\133\001\007\000,\000\040\000s\000k\000a\000l\000o\000w\000a\000n\000i\000e\000\040\000i\000\040\000r\000e\000p\000l\000i\000k\000a\000c\000j\000a\000\040\000d\000a\000n\000y\000c\000h}{chapter.2}% 55
\BOOKMARK [2][-]{subsection.2.5.1}{\376\377\000W\000s\000t\001\031\000p}{section.2.5}% 56
\BOOKMARK [2][-]{subsection.2.5.2}{\376\377\000W\000y\000d\000a\000j\000n\000o\001\133\001\007\000\040\000b\000a\000z\000\040\000d\000a\000n\000y\000c\000h}{section.2.5}% 57
\BOOKMARK [2][-]{subsection.2.5.3}{\376\377\000S\000k\000a\000l\000o\000w\000a\000n\000i\000e\000:\000\040\000P\000i\000o\000n\000o\000w\000e\000\040\000v\000s\000.\000\040\000P\000o\000z\000i\000o\000m\000e}{section.2.5}% 58
\BOOKMARK [2][-]{subsection.2.5.4}{\376\377\000R\000e\000p\000l\000i\000k\000a\000c\000j\000a\000\040\000d\000a\000n\000y\000c\000h\000\040\000i\000\040\000w\000y\000s\000o\000k\000a\000\040\000d\000o\000s\000t\001\031\000p\000n\000o\001\133\001\007}{section.2.5}% 59
\BOOKMARK [2][-]{subsection.2.5.5}{\376\377\000W\000y\000z\000w\000a\000n\000i\000a\000\040\000i\000\040\000k\000o\000m\000p\000r\000o\000m\000i\000s\000y\000\040\000a\000r\000c\000h\000i\000t\000e\000k\000t\000o\000n\000i\000c\000z\000n\000e}{section.2.5}% 60
\BOOKMARK [2][-]{subsection.2.5.6}{\376\377\000P\000o\000d\000s\000u\000m\000o\000w\000a\000n\000i\000e}{section.2.5}% 61
\BOOKMARK [1][-]{section.2.6}{\376\377\000P\000a\000r\000t\000y\000c\000j\000o\000n\000o\000w\000a\000n\000i\000e\000\040\000d\000a\000n\000y\000c\000h}{chapter.2}% 62
\BOOKMARK [1][-]{section.2.7}{\376\377\000B\000e\000z\000p\000i\000e\000c\000z\000e\001\104\000s\000t\000w\000o\000\040\000B\000a\000z\000\040\000D\000a\000n\000y\000c\000h}{chapter.2}% 63
\BOOKMARK [2][-]{subsection.2.7.1}{\376\377\0001\000.\000\040\000M\000o\000d\000e\000l\000\040\000b\000e\000z\000p\000i\000e\000c\000z\000e\001\104\000s\000t\000w\000a\000\040\000C\000I\000A\000\040\000i\000\040\000o\000c\000h\000r\000o\000n\000a\000\040\000i\000n\000f\000r\000a\000s\000t\000r\000u\000k\000t\000u\000r\000y}{section.2.7}% 64
\BOOKMARK [3][-]{subsubsection*.31}{\376\377\000T\000r\000i\000a\000d\000a\000\040\000C\000I\000A\000\040\000w\000\040\001\133\000r\000o\000d\000o\000w\000i\000s\000k\000u\000\040\000b\000a\000z\000o\000d\000a\000n\000o\000w\000y\000m}{subsection.2.7.1}% 65
\BOOKMARK [3][-]{subsubsection*.32}{\376\377\000I\000z\000o\000l\000a\000c\000j\000a\000\040\000s\000i\000e\000c\000i\000o\000w\000a\000\040\000i\000\040\000a\000r\000c\000h\000i\000t\000e\000k\000t\000u\000r\000a\000\040\000c\000h\000m\000u\000r\000o\000w\000a\000\040\000\050\000V\000P\000C\000\051}{subsection.2.7.1}% 66
\BOOKMARK [3][-]{subsubsection*.33}{\376\377\000K\000o\000n\000t\000e\000n\000e\000r\000y\000z\000a\000c\000j\000a\000\040\000a\000\040\000b\000e\000z\000p\000i\000e\000c\000z\000e\001\104\000s\000t\000w\000o\000\040\000b\000a\000z\000y}{subsection.2.7.1}% 67
\BOOKMARK [2][-]{subsection.2.7.2}{\376\377\0002\000.\000\040\000A\000t\000a\000k\000i\000\040\000n\000a\000\040\000b\000a\000z\000y\000\040\000d\000a\000n\000y\000c\000h\000\040\000i\000\040\000l\000u\000k\000i\000\040\000w\000\040\000z\000a\000b\000e\000z\000p\000i\000e\000c\000z\000e\000n\000i\000a\000c\000h}{section.2.7}% 68
\BOOKMARK [3][-]{subsubsection*.34}{\376\377\000W\000s\000t\000r\000z\000y\000k\000i\000w\000a\000n\000i\000e\000\040\000k\000o\000d\000u\000\040\000S\000Q\000L\000\040\000\050\000S\000Q\000L\000\040\000I\000n\000j\000e\000c\000t\000i\000o\000n\000\051}{subsection.2.7.2}% 69
\BOOKMARK [3][-]{subsubsection*.35}{\376\377\000A\000t\000a\000k\000i\000\040\000N\000o\000S\000Q\000L\000\040\000I\000n\000j\000e\000c\000t\000i\000o\000n}{subsection.2.7.2}% 70
\BOOKMARK [3][-]{subsubsection*.36}{\376\377\000P\000r\000z\000e\000p\000e\001\102\000n\000i\000e\000n\000i\000e\000\040\000b\000u\000f\000o\000r\000a\000\040\000\050\000B\000u\000f\000f\000e\000r\000\040\000O\000v\000e\000r\000f\000l\000o\000w\000\051\000\040\000w\000\040\000D\000B\000M\000S}{subsection.2.7.2}% 71
\BOOKMARK [3][-]{subsubsection*.37}{\376\377\000O\000d\000m\000o\000w\000a\000\040\000U\000s\001\102\000u\000g\000i\000\040\000\050\000D\000o\000S\000\051\000\040\000n\000a\000\040\000p\000o\000z\000i\000o\000m\000i\000e\000\040\000b\000a\000z\000y\000\040\000d\000a\000n\000y\000c\000h}{subsection.2.7.2}% 72
\BOOKMARK [3][-]{subsubsection*.38}{\376\377\000A\000u\000t\000o\000m\000a\000t\000y\000z\000a\000c\000j\000a\000\040\000a\000t\000a\000k\000\363\000w\000:\000\040\000N\000a\000r\000z\001\031\000d\000z\000i\000a\000\040\000a\000u\000d\000y\000t\000o\000w\000e}{subsection.2.7.2}% 73
\BOOKMARK [2][-]{subsection.2.7.3}{\376\377\0003\000.\000\040\000Z\000a\000r\000z\001\005\000d\000z\000a\000n\000i\000e\000\040\000t\000o\001\174\000s\000a\000m\000o\001\133\000c\000i\001\005\000,\000\040\000u\000w\000i\000e\000r\000z\000y\000t\000e\000l\000n\000i\000a\000n\000i\000e\000\040\000i\000\040\000a\000u\000t\000o\000r\000y\000z\000a\000c\000j\000a}{section.2.7}% 74
\BOOKMARK [3][-]{subsubsection*.39}{\376\377\000U\000w\000i\000e\000r\000z\000y\000t\000e\000l\000n\000i\000a\000n\000i\000e\000\040\000w\000\040\000b\000a\000z\000a\000c\000h\000\040\000d\000a\000n\000y\000c\000h}{subsection.2.7.3}% 75
\BOOKMARK [3][-]{subsubsection*.40}{\376\377\000A\000u\000t\000o\000r\000y\000z\000a\000c\000j\000a\000\040\000i\000\040\000m\000o\000d\000e\000l\000e\000\040\000k\000o\000n\000t\000r\000o\000l\000i\000\040\000d\000o\000s\000t\001\031\000p\000u}{subsection.2.7.3}% 76
\BOOKMARK [3][-]{subsubsection*.41}{\376\377\000B\000e\000z\000p\000i\000e\000c\000z\000e\001\104\000s\000t\000w\000o\000\040\000n\000a\000\040\000p\000o\000z\000i\000o\000m\000i\000e\000\040\000w\000i\000e\000r\000s\000z\000y\000\040\000\050\000R\000o\000w\000-\000L\000e\000v\000e\000l\000\040\000S\000e\000c\000u\000r\000i\000t\000y\000\051}{subsection.2.7.3}% 77
\BOOKMARK [3][-]{subsubsection*.42}{\376\377\000Z\000a\000r\000z\001\005\000d\000z\000a\000n\000i\000e\000\040\000p\000o\001\133\000w\000i\000a\000d\000c\000z\000e\000n\000i\000a\000m\000i\000\040\000a\000p\000l\000i\000k\000a\000c\000j\000i\000\040\000\050\000S\000e\000c\000r\000e\000t\000s\000\040\000M\000a\000n\000a\000g\000e\000m\000e\000n\000t\000\051}{subsection.2.7.3}% 78
\BOOKMARK [2][-]{subsection.2.7.4}{\376\377\0004\000.\000\040\000K\000r\000y\000p\000t\000o\000g\000r\000a\000f\000i\000a\000\040\000w\000\040\000b\000a\000z\000a\000c\000h\000\040\000d\000a\000n\000y\000c\000h}{section.2.7}% 79
\BOOKMARK [3][-]{subsubsection*.43}{\376\377\000S\000z\000y\000f\000r\000o\000w\000a\000n\000i\000e\000\040\000d\000a\000n\000y\000c\000h\000\040\000w\000\040\000s\000p\000o\000c\000z\000y\000n\000k\000u\000\040\000\050\000D\000a\000t\000a\000\040\000a\000t\000\040\000R\000e\000s\000t\000\051}{subsection.2.7.4}% 80
\BOOKMARK [3][-]{subsubsection*.44}{\376\377\000S\000z\000y\000f\000r\000o\000w\000a\000n\000i\000e\000\040\000d\000a\000n\000y\000c\000h\000\040\000w\000\040\000t\000r\000a\000n\000z\000y\000c\000i\000e\000\040\000\050\000D\000a\000t\000a\000\040\000i\000n\000\040\000T\000r\000a\000n\000s\000i\000t\000\051}{subsection.2.7.4}% 81
\BOOKMARK [3][-]{subsubsection*.45}{\376\377\000S\000z\000y\000f\000r\000o\000w\000a\000n\000i\000e\000\040\000n\000a\000\040\000p\000o\000z\000i\000o\000m\000i\000e\000\040\000k\000l\000i\000e\000n\000t\000a\000\040\000\050\000C\000l\000i\000e\000n\000t\000-\000S\000i\000d\000e\000\040\000E\000n\000c\000r\000y\000p\000t\000i\000o\000n\000\051}{subsection.2.7.4}% 82
\BOOKMARK [3][-]{subsubsection*.46}{\376\377\000D\000y\000n\000a\000m\000i\000c\000z\000n\000e\000\040\000m\000a\000s\000k\000o\000w\000a\000n\000i\000e\000\040\000d\000a\000n\000y\000c\000h\000\040\000i\000\040\000f\000u\000n\000k\000c\000j\000e\000\040\000s\000k\000r\000\363\000t\000u}{subsection.2.7.4}% 83
\BOOKMARK [2][-]{subsection.2.7.5}{\376\377\0005\000.\000\040\000A\000u\000d\000y\000t\000,\000\040\000l\000o\000g\000o\000w\000a\000n\000i\000e\000\040\000i\000\040\000w\000y\000k\000r\000y\000w\000a\000n\000i\000e\000\040\000a\000n\000o\000m\000a\000l\000i\000i}{section.2.7}% 84
\BOOKMARK [3][-]{subsubsection*.47}{\376\377\000Z\000n\000a\000c\000z\000e\000n\000i\000e\000\040\000a\000u\000d\000y\000t\000u\000\040\000i\000\040\000r\000o\000d\000z\000a\000j\000e\000\040\000l\000o\000g\000\363\000w\000\040\000b\000a\000z\000o\000d\000a\000n\000o\000w\000y\000c\000h}{subsection.2.7.5}% 85
\BOOKMARK [3][-]{subsubsection*.48}{\376\377\000C\000e\000n\000t\000r\000a\000l\000i\000z\000a\000c\000j\000a\000\040\000l\000o\000g\000\363\000w\000\040\000i\000\040\000s\000y\000s\000t\000e\000m\000y\000\040\000S\000I\000E\000M}{subsection.2.7.5}% 86
\BOOKMARK [3][-]{subsubsection*.49}{\376\377\000D\000a\000t\000a\000b\000a\000s\000e\000\040\000A\000c\000t\000i\000v\000i\000t\000y\000\040\000M\000o\000n\000i\000t\000o\000r\000i\000n\000g\000\040\000\050\000D\000A\000M\000\051\000\040\000i\000\040\000w\000y\000k\000r\000y\000w\000a\000n\000i\000e\000\040\000a\000n\000o\000m\000a\000l\000i\000i}{subsection.2.7.5}% 87
\BOOKMARK [2][-]{subsection.2.7.6}{\376\377\0006\000.\000\040\000B\000e\000z\000p\000i\000e\000c\000z\000e\001\104\000s\000t\000w\000o\000\040\000k\000o\000p\000i\000i\000\040\000z\000a\000p\000a\000s\000o\000w\000y\000c\000h\000\040\000i\000\040\000D\000i\000s\000a\000s\000t\000e\000r\000\040\000R\000e\000c\000o\000v\000e\000r\000y}{section.2.7}% 88
\BOOKMARK [3][-]{subsubsection*.50}{\376\377\000Z\000a\000s\000a\000d\000a\000\040\0003\000-\0002\000-\0001\000\040\000i\000\040\000n\000i\000e\000z\000m\000i\000e\000n\000n\000o\001\133\001\007\000\040\000k\000o\000p\000i\000i\000\040\000\050\000I\000m\000m\000u\000t\000a\000b\000l\000e\000\040\000B\000a\000c\000k\000u\000p\000s\000\051}{subsection.2.7.6}% 89
\BOOKMARK [3][-]{subsubsection*.51}{\376\377\000S\000z\000y\000f\000r\000o\000w\000a\000n\000i\000e\000\040\000a\000r\000c\000h\000i\000w\000\363\000w\000\040\000i\000\040\000z\000a\000r\000z\001\005\000d\000z\000a\000n\000i\000e\000\040\000k\000l\000u\000c\000z\000a\000m\000i}{subsection.2.7.6}% 90
\BOOKMARK [3][-]{subsubsection*.52}{\376\377\000D\000i\000s\000a\000s\000t\000e\000r\000\040\000R\000e\000c\000o\000v\000e\000r\000y\000\040\000\050\000D\000R\000\051\000\040\000i\000\040\000w\000s\000k\000a\001\172\000n\000i\000k\000i\000\040\000R\000T\000O\000/\000R\000P\000O}{subsection.2.7.6}% 91
\BOOKMARK [1][-]{section.2.8}{\376\377\000K\000o\000p\000i\000e\000\040\000z\000a\000p\000a\000s\000o\000w\000e}{chapter.2}% 92
\BOOKMARK [0][-]{chapter.3}{\376\377\000Z\000a\000d\000a\000n\000i\000e\000\040\0003}{}% 93
\BOOKMARK [0][-]{chapter.4}{\376\377\000I\000m\000p\000l\000e\000m\000e\000n\000t\000a\000c\000j\000a\000\040\000b\000a\000z\000y\000\040\000d\000a\000n\000y\000c\000h\000\040\000i\000\040\000i\000m\000p\000o\000r\000t\000\040\000d\000a\000n\000y\000c\000h}{}% 94
\BOOKMARK [1][-]{section.4.1}{\376\377\000D\000e\000f\000i\000n\000i\000c\000j\000a\000\040\000i\000\040\000i\000n\000i\000c\000j\000a\000l\000i\000z\000a\000c\000j\000a\000\040\000s\000t\000r\000u\000k\000t\000u\000r\000\040\000d\000a\000n\000y\000c\000h}{chapter.4}% 95
\BOOKMARK [1][-]{section.4.2}{\376\377\000Z\000a\000s\000i\000l\000e\000n\000i\000e\000\040\000b\000a\000z\000y\000\040\000d\000a\000n\000y\000m\000i\000\040\000d\000e\000m\000o\000n\000s\000t\000r\000a\000c\000y\000j\000n\000y\000m\000i}{chapter.4}% 96
\BOOKMARK [1][-]{section.4.3}{\376\377\000K\000o\000n\000c\000e\000p\000c\000j\000a\000\040\000m\000e\000c\000h\000a\000n\000i\000z\000m\000\363\000w\000\040\000m\000a\000s\000o\000w\000e\000g\000o\000\040\000i\000m\000p\000o\000r\000t\000u\000\040\000\050\000E\000T\000L\000\051}{chapter.4}% 97
\BOOKMARK [2][-]{subsection.4.3.1}{\376\377\000M\000e\000c\000h\000a\000n\000i\000z\000m\000\040\000C\000O\000P\000Y\000\040\000w\000\040\000P\000o\000s\000t\000g\000r\000e\000S\000Q\000L}{section.4.3}% 98
\BOOKMARK [2][-]{subsection.4.3.2}{\376\377\000M\000e\000c\000h\000a\000n\000i\000z\000m\000\040\000B\000a\000t\000c\000h\000\040\000I\000n\000s\000e\000r\000t\000\040\000w\000\040\000S\000Q\000L\000i\000t\000e}{section.4.3}% 99
\BOOKMARK [0][-]{chapter.5}{\376\377\000Z\000a\000d\000a\000n\000i\000e\000\040\0005}{}% 100
